2025-08-05T09:00:58.796+05:30  WARN 22300 --- [deutsche-springboot-demo] [HikariPool-1:housekeeper] [                                                 ] com.zaxxer.hikari.pool.HikariPool        : HikariPool-1 - Thread starvation or clock leap detected (housekeeper delta=9h43m39s649ms465µs).
2025-08-05T09:50:07.686+05:30  INFO 22300 --- [deutsche-springboot-demo] [http-nio-8080-exec-1] [689186779ce0579eed9212da3b1efe71-52443e8a3a035208] c.deutsche.demo.service.EmployeeService  : get all employees
2025-08-05T09:50:07.741+05:30  INFO 22300 --- [deutsche-springboot-demo] [http-nio-8080-exec-9] [68918677fc52136fe19138868e932926-44cfc14424c6fab5] c.deutsche.demo.service.EmployeeService  : get all employees
2025-08-05T09:50:13.091+05:30  INFO 22300 --- [deutsche-springboot-demo] [http-nio-8080-exec-4] [6891867d944190dbba6fda7acffeeabb-b006c7c407614ece] c.deutsche.demo.service.EmployeeService  : get all employees
2025-08-05T09:50:13.099+05:30  INFO 22300 --- [deutsche-springboot-demo] [http-nio-8080-exec-2] [6891867d2910a924dd528b29795c3ed5-e2ecb319d0da2a16] c.deutsche.demo.service.EmployeeService  : get all employees
2025-08-05T09:50:15.033+05:30  INFO 22300 --- [deutsche-springboot-demo] [http-nio-8080-exec-6] [6891867f09e8a39d9d620c5a00f7c5c3-8897a1fa18cc3c33] c.deutsche.demo.service.EmployeeService  : Searching for employee with ID: 5
2025-08-05T09:50:15.039+05:30  INFO 22300 --- [deutsche-springboot-demo] [http-nio-8080-exec-6] [6891867f09e8a39d9d620c5a00f7c5c3-8897a1fa18cc3c33] c.deutsche.demo.service.EmployeeService  : Employee found with ID: 5
2025-08-05T09:50:15.044+05:30  INFO 22300 --- [deutsche-springboot-demo] [http-nio-8080-exec-5] [6891867fbd23e8eff2cdf03a9550c552-daa5100c98c377df] c.deutsche.demo.service.EmployeeService  : Searching for employee with ID: 5
2025-08-05T09:50:15.046+05:30  INFO 22300 --- [deutsche-springboot-demo] [http-nio-8080-exec-5] [6891867fbd23e8eff2cdf03a9550c552-daa5100c98c377df] c.deutsche.demo.service.EmployeeService  : Employee found with ID: 5
2025-08-05T09:50:17.183+05:30  INFO 22300 --- [deutsche-springboot-demo] [http-nio-8080-exec-3] [689186819ade22bee543ee750b1bff68-3368c5f9655de9eb] c.deutsche.demo.service.EmployeeService  : get all employees
2025-08-05T09:50:17.189+05:30  INFO 22300 --- [deutsche-springboot-demo] [http-nio-8080-exec-7] [689186810c44aef327f81cb8459a6c48-af39a08e4bd99a0f] c.deutsche.demo.service.EmployeeService  : get all employees
2025-08-05T09:50:18.610+05:30  INFO 22300 --- [deutsche-springboot-demo] [http-nio-8080-exec-8] [689186822c49153f380586c4ffef822d-19111401f1e09295] c.deutsche.demo.service.EmployeeService  : Searching for employee with ID: 8
2025-08-05T09:50:18.612+05:30  INFO 22300 --- [deutsche-springboot-demo] [http-nio-8080-exec-8] [689186822c49153f380586c4ffef822d-19111401f1e09295] c.deutsche.demo.service.EmployeeService  : Employee found with ID: 8
2025-08-05T09:50:18.617+05:30  INFO 22300 --- [deutsche-springboot-demo] [http-nio-8080-exec-10] [68918682c0373a78b4a391bda5d71e3a-790a5fdb76d5cb5a] c.deutsche.demo.service.EmployeeService  : Searching for employee with ID: 8
2025-08-05T09:50:18.619+05:30  INFO 22300 --- [deutsche-springboot-demo] [http-nio-8080-exec-10] [68918682c0373a78b4a391bda5d71e3a-790a5fdb76d5cb5a] c.deutsche.demo.service.EmployeeService  : Employee found with ID: 8
2025-08-05T09:50:19.731+05:30  INFO 22300 --- [deutsche-springboot-demo] [http-nio-8080-exec-1] [6891868336ed43a7920404c682a8bf5c-44760f022912e544] c.deutsche.demo.service.EmployeeService  : get all employees
2025-08-05T09:50:19.736+05:30  INFO 22300 --- [deutsche-springboot-demo] [http-nio-8080-exec-9] [689186830205fcfd39059d9901e48951-30734a4a7e748f52] c.deutsche.demo.service.EmployeeService  : get all employees
2025-08-05T09:50:22.848+05:30  WARN 22300 --- [deutsche-springboot-demo] [http-nio-8080-exec-4] [6891868645e0b75ac7966119b829fc7c-d7f71bef678e8d7e] .w.s.m.s.DefaultHandlerExceptionResolver : Resolved [org.springframework.web.method.annotation.MethodArgumentTypeMismatchException: Method parameter 'id': Failed to convert value of type 'java.lang.String' to required type 'java.lang.Integer'; For input string: ":id"]
2025-08-05T09:50:22.859+05:30  WARN 22300 --- [deutsche-springboot-demo] [http-nio-8080-exec-2] [68918686d3065fb457696ccfc625ff01-a6e06429e1af563a] .w.s.m.s.DefaultHandlerExceptionResolver : Resolved [org.springframework.web.method.annotation.MethodArgumentTypeMismatchException: Method parameter 'id': Failed to convert value of type 'java.lang.String' to required type 'java.lang.Integer'; For input string: ":id"]
2025-08-05T09:50:29.730+05:30  INFO 22300 --- [deutsche-springboot-demo] [http-nio-8080-exec-6] [6891868d69ab103229ec1ed74ffbb978-cb37555785ee7274] c.deutsche.demo.service.EmployeeService  : Searching for employee with ID: 5
2025-08-05T09:50:29.733+05:30  INFO 22300 --- [deutsche-springboot-demo] [http-nio-8080-exec-6] [6891868d69ab103229ec1ed74ffbb978-cb37555785ee7274] c.deutsche.demo.service.EmployeeService  : Employee found with ID: 5
2025-08-05T09:50:29.739+05:30  INFO 22300 --- [deutsche-springboot-demo] [http-nio-8080-exec-5] [6891868d95cfc33e0a10779f56f28e77-43138cb2c000ad4d] c.deutsche.demo.service.EmployeeService  : Searching for employee with ID: 5
2025-08-05T09:50:29.741+05:30  INFO 22300 --- [deutsche-springboot-demo] [http-nio-8080-exec-5] [6891868d95cfc33e0a10779f56f28e77-43138cb2c000ad4d] c.deutsche.demo.service.EmployeeService  : Employee found with ID: 5
2025-08-05T09:50:31.207+05:30  WARN 22300 --- [deutsche-springboot-demo] [http-nio-8080-exec-3] [6891868fd63565b1fe90220baf627644-8e287a525fbb3dfb] .w.s.m.s.DefaultHandlerExceptionResolver : Resolved [org.springframework.web.method.annotation.MethodArgumentTypeMismatchException: Method parameter 'id': Failed to convert value of type 'java.lang.String' to required type 'java.lang.Integer'; For input string: ":id"]
2025-08-05T09:50:31.220+05:30  WARN 22300 --- [deutsche-springboot-demo] [http-nio-8080-exec-7] [6891868fe13ec6560ca1863ad8cf3d62-dcd00edf53e43f00] .w.s.m.s.DefaultHandlerExceptionResolver : Resolved [org.springframework.web.method.annotation.MethodArgumentTypeMismatchException: Method parameter 'id': Failed to convert value of type 'java.lang.String' to required type 'java.lang.Integer'; For input string: ":id"]
2025-08-05T10:33:09.474+05:30  WARN 22300 --- [deutsche-springboot-demo] [http-nio-8080-exec-10] [6891908d5a045954f4072aa37f653505-a57c0f62a78e6285] .w.s.m.s.DefaultHandlerExceptionResolver : Resolved [org.springframework.web.bind.MethodArgumentNotValidException: Validation failed for argument [0] in public com.deutsche.demo.model.Employee com.deutsche.demo.controller.EmployeeController.addEmployee(com.deutsche.demo.model.Employee): [Field error in object 'employee' on field 'name': rejected value [1]; codes [Size.employee.name,Size.name,Size.java.lang.String,Size]; arguments [org.springframework.context.support.DefaultMessageSourceResolvable: codes [employee.name,name]; arguments []; default message [name],50,2]; default message [Name should be in proper form]] ]
2025-08-05T10:36:28.941+05:30  INFO 22300 --- [deutsche-springboot-demo] [http-nio-8080-exec-3] [68919154048e98cb35e48c4131c10355-f2fdbdbd331d610a] c.deutsche.demo.service.EmployeeService  : Searching for employee with ID: 1
2025-08-05T10:36:28.944+05:30 ERROR 22300 --- [deutsche-springboot-demo] [http-nio-8080-exec-3] [68919154048e98cb35e48c4131c10355-f2fdbdbd331d610a] c.deutsche.demo.service.EmployeeService  : Employee not found with ID: 1
2025-08-05T10:36:28.944+05:30 ERROR 22300 --- [deutsche-springboot-demo] [http-nio-8080-exec-3] [68919154048e98cb35e48c4131c10355-f2fdbdbd331d610a] c.d.d.exception.GlobalExceptionHandler   : Employee with id 1 not found
2025-08-05T10:36:28.944+05:30  WARN 22300 --- [deutsche-springboot-demo] [http-nio-8080-exec-3] [68919154048e98cb35e48c4131c10355-f2fdbdbd331d610a] .m.m.a.ExceptionHandlerExceptionResolver : Resolved [com.deutsche.demo.exception.EmployeeNotFoundException: Employee with id 1 not found]
2025-08-05T10:36:32.230+05:30  INFO 22300 --- [deutsche-springboot-demo] [http-nio-8080-exec-7] [68919158c9cb315723c8730b7277f9a3-e32953b1e5a05021] c.deutsche.demo.service.EmployeeService  : Searching for employee with ID: 5
2025-08-05T10:36:32.232+05:30  INFO 22300 --- [deutsche-springboot-demo] [http-nio-8080-exec-7] [68919158c9cb315723c8730b7277f9a3-e32953b1e5a05021] c.deutsche.demo.service.EmployeeService  : Employee found with ID: 5
2025-08-05T10:36:37.581+05:30  INFO 22300 --- [deutsche-springboot-demo] [http-nio-8080-exec-8] [6891915dc8d4ce3250c5d30201315e7a-d5d0200d1a0c327c] c.deutsche.demo.service.EmployeeService  : get all employees
2025-08-05T10:36:37.582+05:30  INFO 22300 --- [deutsche-springboot-demo] [http-nio-8080-exec-10] [6891915d55f295a121cf4cd4d8f02e63-6a6b4d78f136e122] c.deutsche.demo.service.EmployeeService  : get all employees
2025-08-05T10:36:39.622+05:30  INFO 22300 --- [deutsche-springboot-demo] [http-nio-8080-exec-1] [6891915fc1e25daa91f66569fc957da7-28b935b6c8e1e0ee] c.deutsche.demo.service.EmployeeService  : Searching for employee with ID: 22
2025-08-05T10:36:39.623+05:30  INFO 22300 --- [deutsche-springboot-demo] [http-nio-8080-exec-9] [6891915ff908417823708186ea480bd7-af00d4f33075fbab] c.deutsche.demo.service.EmployeeService  : Searching for employee with ID: 22
2025-08-05T10:36:39.623+05:30  INFO 22300 --- [deutsche-springboot-demo] [http-nio-8080-exec-1] [6891915fc1e25daa91f66569fc957da7-28b935b6c8e1e0ee] c.deutsche.demo.service.EmployeeService  : Employee found with ID: 22
2025-08-05T10:36:39.624+05:30  INFO 22300 --- [deutsche-springboot-demo] [http-nio-8080-exec-9] [6891915ff908417823708186ea480bd7-af00d4f33075fbab] c.deutsche.demo.service.EmployeeService  : Employee found with ID: 22
2025-08-05T10:36:41.204+05:30  INFO 22300 --- [deutsche-springboot-demo] [http-nio-8080-exec-2] [68919161b403146e166246c8d40ee12d-09718935509a0026] c.deutsche.demo.service.EmployeeService  : get all employees
2025-08-05T10:36:41.204+05:30  INFO 22300 --- [deutsche-springboot-demo] [http-nio-8080-exec-4] [68919161cfe9f5310bf398ad368e544b-89631888a481658c] c.deutsche.demo.service.EmployeeService  : get all employees
2025-08-05T10:36:47.216+05:30  INFO 22300 --- [deutsche-springboot-demo] [http-nio-8080-exec-6] [6891916790b8fd2cb9410aa68abca849-ef7cf28798bd8a3c] c.deutsche.demo.service.EmployeeService  : Searching for employee with ID: 22
2025-08-05T10:36:47.218+05:30  INFO 22300 --- [deutsche-springboot-demo] [http-nio-8080-exec-6] [6891916790b8fd2cb9410aa68abca849-ef7cf28798bd8a3c] c.deutsche.demo.service.EmployeeService  : Employee found with ID: 22
2025-08-05T10:37:08.505+05:30 ERROR 22300 --- [deutsche-springboot-demo] [http-nio-8080-exec-3] [                                                 ] o.a.c.c.C.[.[.[.[dispatcherServlet]      : Servlet.service() for servlet [dispatcherServlet] in context with path [/api/v1] threw exception [Request processing failed: java.lang.IllegalArgumentException: Salary must be greater than 0] with root cause

java.lang.IllegalArgumentException: Salary must be greater than 0
	at com.deutsche.demo.service.EmployeeService.updateEmployee(EmployeeService.java:248) ~[classes/:na]
	at com.deutsche.demo.controller.EmployeeController.updateEmployee(EmployeeController.java:114) ~[classes/:na]
	at java.base/jdk.internal.reflect.DirectMethodHandleAccessor.invoke(DirectMethodHandleAccessor.java:104) ~[na:na]
	at java.base/java.lang.reflect.Method.invoke(Method.java:565) ~[na:na]
	at org.springframework.web.method.support.InvocableHandlerMethod.doInvoke(InvocableHandlerMethod.java:258) ~[spring-web-6.2.9.jar:6.2.9]
	at org.springframework.web.method.support.InvocableHandlerMethod.invokeForRequest(InvocableHandlerMethod.java:191) ~[spring-web-6.2.9.jar:6.2.9]
	at org.springframework.web.servlet.mvc.method.annotation.ServletInvocableHandlerMethod.invokeAndHandle(ServletInvocableHandlerMethod.java:118) ~[spring-webmvc-6.2.9.jar:6.2.9]
	at org.springframework.web.servlet.mvc.method.annotation.RequestMappingHandlerAdapter.invokeHandlerMethod(RequestMappingHandlerAdapter.java:991) ~[spring-webmvc-6.2.9.jar:6.2.9]
	at org.springframework.web.servlet.mvc.method.annotation.RequestMappingHandlerAdapter.handleInternal(RequestMappingHandlerAdapter.java:896) ~[spring-webmvc-6.2.9.jar:6.2.9]
	at org.springframework.web.servlet.mvc.method.AbstractHandlerMethodAdapter.handle(AbstractHandlerMethodAdapter.java:87) ~[spring-webmvc-6.2.9.jar:6.2.9]
	at org.springframework.web.servlet.DispatcherServlet.doDispatch(DispatcherServlet.java:1089) ~[spring-webmvc-6.2.9.jar:6.2.9]
	at org.springframework.web.servlet.DispatcherServlet.doService(DispatcherServlet.java:979) ~[spring-webmvc-6.2.9.jar:6.2.9]
	at org.springframework.web.servlet.FrameworkServlet.processRequest(FrameworkServlet.java:1014) ~[spring-webmvc-6.2.9.jar:6.2.9]
	at org.springframework.web.servlet.FrameworkServlet.doPut(FrameworkServlet.java:925) ~[spring-webmvc-6.2.9.jar:6.2.9]
	at jakarta.servlet.http.HttpServlet.service(HttpServlet.java:593) ~[tomcat-embed-core-10.1.43.jar:6.0]
	at org.springframework.web.servlet.FrameworkServlet.service(FrameworkServlet.java:885) ~[spring-webmvc-6.2.9.jar:6.2.9]
	at jakarta.servlet.http.HttpServlet.service(HttpServlet.java:658) ~[tomcat-embed-core-10.1.43.jar:6.0]
	at org.apache.catalina.core.ApplicationFilterChain.internalDoFilter(ApplicationFilterChain.java:195) ~[tomcat-embed-core-10.1.43.jar:10.1.43]
	at org.apache.catalina.core.ApplicationFilterChain.doFilter(ApplicationFilterChain.java:140) ~[tomcat-embed-core-10.1.43.jar:10.1.43]
	at org.apache.tomcat.websocket.server.WsFilter.doFilter(WsFilter.java:51) ~[tomcat-embed-websocket-10.1.43.jar:10.1.43]
	at org.apache.catalina.core.ApplicationFilterChain.internalDoFilter(ApplicationFilterChain.java:164) ~[tomcat-embed-core-10.1.43.jar:10.1.43]
	at org.apache.catalina.core.ApplicationFilterChain.doFilter(ApplicationFilterChain.java:140) ~[tomcat-embed-core-10.1.43.jar:10.1.43]
	at org.springframework.web.filter.CompositeFilter$VirtualFilterChain.doFilter(CompositeFilter.java:108) ~[spring-web-6.2.9.jar:6.2.9]
	at org.springframework.web.filter.CompositeFilter$VirtualFilterChain.doFilter(CompositeFilter.java:108) ~[spring-web-6.2.9.jar:6.2.9]
	at org.springframework.security.web.FilterChainProxy.lambda$doFilterInternal$3(FilterChainProxy.java:231) ~[spring-security-web-6.5.2.jar:6.5.2]
	at org.springframework.security.web.ObservationFilterChainDecorator$FilterObservation$SimpleFilterObservation.lambda$wrap$1(ObservationFilterChainDecorator.java:479) ~[spring-security-web-6.5.2.jar:6.5.2]
	at org.springframework.security.web.ObservationFilterChainDecorator$AroundFilterObservation$SimpleAroundFilterObservation.lambda$wrap$1(ObservationFilterChainDecorator.java:340) ~[spring-security-web-6.5.2.jar:6.5.2]
	at org.springframework.security.web.ObservationFilterChainDecorator.lambda$wrapSecured$0(ObservationFilterChainDecorator.java:82) ~[spring-security-web-6.5.2.jar:6.5.2]
	at org.springframework.security.web.ObservationFilterChainDecorator$VirtualFilterChain.doFilter(ObservationFilterChainDecorator.java:128) ~[spring-security-web-6.5.2.jar:6.5.2]
	at org.springframework.security.web.access.intercept.AuthorizationFilter.doFilter(AuthorizationFilter.java:101) ~[spring-security-web-6.5.2.jar:6.5.2]
	at org.springframework.security.web.ObservationFilterChainDecorator$ObservationFilter.wrapFilter(ObservationFilterChainDecorator.java:240) ~[spring-security-web-6.5.2.jar:6.5.2]
	at org.springframework.security.web.ObservationFilterChainDecorator$ObservationFilter.doFilter(ObservationFilterChainDecorator.java:227) ~[spring-security-web-6.5.2.jar:6.5.2]
	at org.springframework.security.web.ObservationFilterChainDecorator$VirtualFilterChain.doFilter(ObservationFilterChainDecorator.java:137) ~[spring-security-web-6.5.2.jar:6.5.2]
	at org.springframework.security.web.access.ExceptionTranslationFilter.doFilter(ExceptionTranslationFilter.java:125) ~[spring-security-web-6.5.2.jar:6.5.2]
	at org.springframework.security.web.access.ExceptionTranslationFilter.doFilter(ExceptionTranslationFilter.java:119) ~[spring-security-web-6.5.2.jar:6.5.2]
	at org.springframework.security.web.ObservationFilterChainDecorator$ObservationFilter.wrapFilter(ObservationFilterChainDecorator.java:240) ~[spring-security-web-6.5.2.jar:6.5.2]
	at org.springframework.security.web.ObservationFilterChainDecorator$ObservationFilter.doFilter(ObservationFilterChainDecorator.java:227) ~[spring-security-web-6.5.2.jar:6.5.2]
	at org.springframework.security.web.ObservationFilterChainDecorator$VirtualFilterChain.doFilter(ObservationFilterChainDecorator.java:137) ~[spring-security-web-6.5.2.jar:6.5.2]
	at org.springframework.security.web.authentication.AnonymousAuthenticationFilter.doFilter(AnonymousAuthenticationFilter.java:100) ~[spring-security-web-6.5.2.jar:6.5.2]
	at org.springframework.security.web.ObservationFilterChainDecorator$ObservationFilter.wrapFilter(ObservationFilterChainDecorator.java:240) ~[spring-security-web-6.5.2.jar:6.5.2]
	at org.springframework.security.web.ObservationFilterChainDecorator$ObservationFilter.doFilter(ObservationFilterChainDecorator.java:227) ~[spring-security-web-6.5.2.jar:6.5.2]
	at org.springframework.security.web.ObservationFilterChainDecorator$VirtualFilterChain.doFilter(ObservationFilterChainDecorator.java:137) ~[spring-security-web-6.5.2.jar:6.5.2]
	at org.springframework.security.web.servletapi.SecurityContextHolderAwareRequestFilter.doFilter(SecurityContextHolderAwareRequestFilter.java:179) ~[spring-security-web-6.5.2.jar:6.5.2]
	at org.springframework.security.web.ObservationFilterChainDecorator$ObservationFilter.wrapFilter(ObservationFilterChainDecorator.java:240) ~[spring-security-web-6.5.2.jar:6.5.2]
	at org.springframework.security.web.ObservationFilterChainDecorator$ObservationFilter.doFilter(ObservationFilterChainDecorator.java:227) ~[spring-security-web-6.5.2.jar:6.5.2]
	at org.springframework.security.web.ObservationFilterChainDecorator$VirtualFilterChain.doFilter(ObservationFilterChainDecorator.java:137) ~[spring-security-web-6.5.2.jar:6.5.2]
	at org.springframework.security.web.savedrequest.RequestCacheAwareFilter.doFilter(RequestCacheAwareFilter.java:63) ~[spring-security-web-6.5.2.jar:6.5.2]
	at org.springframework.security.web.ObservationFilterChainDecorator$ObservationFilter.wrapFilter(ObservationFilterChainDecorator.java:240) ~[spring-security-web-6.5.2.jar:6.5.2]
	at org.springframework.security.web.ObservationFilterChainDecorator$ObservationFilter.doFilter(ObservationFilterChainDecorator.java:227) ~[spring-security-web-6.5.2.jar:6.5.2]
	at org.springframework.security.web.ObservationFilterChainDecorator$VirtualFilterChain.doFilter(ObservationFilterChainDecorator.java:137) ~[spring-security-web-6.5.2.jar:6.5.2]
	at org.springframework.security.web.authentication.logout.LogoutFilter.doFilter(LogoutFilter.java:107) ~[spring-security-web-6.5.2.jar:6.5.2]
	at org.springframework.security.web.authentication.logout.LogoutFilter.doFilter(LogoutFilter.java:93) ~[spring-security-web-6.5.2.jar:6.5.2]
	at org.springframework.security.web.ObservationFilterChainDecorator$ObservationFilter.wrapFilter(ObservationFilterChainDecorator.java:240) ~[spring-security-web-6.5.2.jar:6.5.2]
	at org.springframework.security.web.ObservationFilterChainDecorator$ObservationFilter.doFilter(ObservationFilterChainDecorator.java:227) ~[spring-security-web-6.5.2.jar:6.5.2]
	at org.springframework.security.web.ObservationFilterChainDecorator$VirtualFilterChain.doFilter(ObservationFilterChainDecorator.java:137) ~[spring-security-web-6.5.2.jar:6.5.2]
	at org.springframework.web.filter.CorsFilter.doFilterInternal(CorsFilter.java:91) ~[spring-web-6.2.9.jar:6.2.9]
	at org.springframework.web.filter.OncePerRequestFilter.doFilter(OncePerRequestFilter.java:116) ~[spring-web-6.2.9.jar:6.2.9]
	at org.springframework.security.web.ObservationFilterChainDecorator$ObservationFilter.wrapFilter(ObservationFilterChainDecorator.java:240) ~[spring-security-web-6.5.2.jar:6.5.2]
	at org.springframework.security.web.ObservationFilterChainDecorator$ObservationFilter.doFilter(ObservationFilterChainDecorator.java:227) ~[spring-security-web-6.5.2.jar:6.5.2]
	at org.springframework.security.web.ObservationFilterChainDecorator$VirtualFilterChain.doFilter(ObservationFilterChainDecorator.java:137) ~[spring-security-web-6.5.2.jar:6.5.2]
	at org.springframework.security.web.header.HeaderWriterFilter.doHeadersAfter(HeaderWriterFilter.java:90) ~[spring-security-web-6.5.2.jar:6.5.2]
	at org.springframework.security.web.header.HeaderWriterFilter.doFilterInternal(HeaderWriterFilter.java:75) ~[spring-security-web-6.5.2.jar:6.5.2]
	at org.springframework.web.filter.OncePerRequestFilter.doFilter(OncePerRequestFilter.java:116) ~[spring-web-6.2.9.jar:6.2.9]
	at org.springframework.security.web.ObservationFilterChainDecorator$ObservationFilter.wrapFilter(ObservationFilterChainDecorator.java:240) ~[spring-security-web-6.5.2.jar:6.5.2]
	at org.springframework.security.web.ObservationFilterChainDecorator$ObservationFilter.doFilter(ObservationFilterChainDecorator.java:227) ~[spring-security-web-6.5.2.jar:6.5.2]
	at org.springframework.security.web.ObservationFilterChainDecorator$VirtualFilterChain.doFilter(ObservationFilterChainDecorator.java:137) ~[spring-security-web-6.5.2.jar:6.5.2]
	at org.springframework.security.web.context.SecurityContextHolderFilter.doFilter(SecurityContextHolderFilter.java:82) ~[spring-security-web-6.5.2.jar:6.5.2]
	at org.springframework.security.web.context.SecurityContextHolderFilter.doFilter(SecurityContextHolderFilter.java:69) ~[spring-security-web-6.5.2.jar:6.5.2]
	at org.springframework.security.web.ObservationFilterChainDecorator$ObservationFilter.wrapFilter(ObservationFilterChainDecorator.java:240) ~[spring-security-web-6.5.2.jar:6.5.2]
	at org.springframework.security.web.ObservationFilterChainDecorator$ObservationFilter.doFilter(ObservationFilterChainDecorator.java:227) ~[spring-security-web-6.5.2.jar:6.5.2]
	at org.springframework.security.web.ObservationFilterChainDecorator$VirtualFilterChain.doFilter(ObservationFilterChainDecorator.java:137) ~[spring-security-web-6.5.2.jar:6.5.2]
	at org.springframework.security.web.context.request.async.WebAsyncManagerIntegrationFilter.doFilterInternal(WebAsyncManagerIntegrationFilter.java:62) ~[spring-security-web-6.5.2.jar:6.5.2]
	at org.springframework.web.filter.OncePerRequestFilter.doFilter(OncePerRequestFilter.java:116) ~[spring-web-6.2.9.jar:6.2.9]
	at org.springframework.security.web.ObservationFilterChainDecorator$ObservationFilter.wrapFilter(ObservationFilterChainDecorator.java:240) ~[spring-security-web-6.5.2.jar:6.5.2]
	at org.springframework.security.web.ObservationFilterChainDecorator$ObservationFilter.doFilter(ObservationFilterChainDecorator.java:227) ~[spring-security-web-6.5.2.jar:6.5.2]
	at org.springframework.security.web.ObservationFilterChainDecorator$VirtualFilterChain.doFilter(ObservationFilterChainDecorator.java:137) ~[spring-security-web-6.5.2.jar:6.5.2]
	at org.springframework.security.web.session.DisableEncodeUrlFilter.doFilterInternal(DisableEncodeUrlFilter.java:42) ~[spring-security-web-6.5.2.jar:6.5.2]
	at org.springframework.web.filter.OncePerRequestFilter.doFilter(OncePerRequestFilter.java:116) ~[spring-web-6.2.9.jar:6.2.9]
	at org.springframework.security.web.ObservationFilterChainDecorator$ObservationFilter.wrapFilter(ObservationFilterChainDecorator.java:240) ~[spring-security-web-6.5.2.jar:6.5.2]
	at org.springframework.security.web.ObservationFilterChainDecorator$AroundFilterObservation$SimpleAroundFilterObservation.lambda$wrap$0(ObservationFilterChainDecorator.java:323) ~[spring-security-web-6.5.2.jar:6.5.2]
	at org.springframework.security.web.ObservationFilterChainDecorator$ObservationFilter.doFilter(ObservationFilterChainDecorator.java:224) ~[spring-security-web-6.5.2.jar:6.5.2]
	at org.springframework.security.web.ObservationFilterChainDecorator$VirtualFilterChain.doFilter(ObservationFilterChainDecorator.java:137) ~[spring-security-web-6.5.2.jar:6.5.2]
	at org.springframework.security.web.FilterChainProxy.doFilterInternal(FilterChainProxy.java:233) ~[spring-security-web-6.5.2.jar:6.5.2]
	at org.springframework.security.web.FilterChainProxy.doFilter(FilterChainProxy.java:191) ~[spring-security-web-6.5.2.jar:6.5.2]
	at org.springframework.web.filter.CompositeFilter$VirtualFilterChain.doFilter(CompositeFilter.java:113) ~[spring-web-6.2.9.jar:6.2.9]
	at org.springframework.web.filter.ServletRequestPathFilter.doFilter(ServletRequestPathFilter.java:52) ~[spring-web-6.2.9.jar:6.2.9]
	at org.springframework.web.filter.CompositeFilter$VirtualFilterChain.doFilter(CompositeFilter.java:113) ~[spring-web-6.2.9.jar:6.2.9]
	at org.springframework.web.filter.CompositeFilter.doFilter(CompositeFilter.java:74) ~[spring-web-6.2.9.jar:6.2.9]
	at org.springframework.security.config.annotation.web.configuration.WebSecurityConfiguration$CompositeFilterChainProxy.doFilter(WebSecurityConfiguration.java:319) ~[spring-security-config-6.5.2.jar:6.5.2]
	at org.springframework.web.filter.CompositeFilter$VirtualFilterChain.doFilter(CompositeFilter.java:113) ~[spring-web-6.2.9.jar:6.2.9]
	at org.springframework.web.servlet.handler.HandlerMappingIntrospector.lambda$createCacheFilter$4(HandlerMappingIntrospector.java:267) ~[spring-webmvc-6.2.9.jar:6.2.9]
	at org.springframework.web.filter.CompositeFilter$VirtualFilterChain.doFilter(CompositeFilter.java:113) ~[spring-web-6.2.9.jar:6.2.9]
	at org.springframework.web.filter.CompositeFilter.doFilter(CompositeFilter.java:74) ~[spring-web-6.2.9.jar:6.2.9]
	at org.springframework.security.config.annotation.web.configuration.WebMvcSecurityConfiguration$CompositeFilterChainProxy.doFilter(WebMvcSecurityConfiguration.java:240) ~[spring-security-config-6.5.2.jar:6.5.2]
	at org.springframework.web.filter.DelegatingFilterProxy.invokeDelegate(DelegatingFilterProxy.java:362) ~[spring-web-6.2.9.jar:6.2.9]
	at org.springframework.web.filter.DelegatingFilterProxy.doFilter(DelegatingFilterProxy.java:278) ~[spring-web-6.2.9.jar:6.2.9]
	at org.apache.catalina.core.ApplicationFilterChain.internalDoFilter(ApplicationFilterChain.java:164) ~[tomcat-embed-core-10.1.43.jar:10.1.43]
	at org.apache.catalina.core.ApplicationFilterChain.doFilter(ApplicationFilterChain.java:140) ~[tomcat-embed-core-10.1.43.jar:10.1.43]
	at org.springframework.web.filter.RequestContextFilter.doFilterInternal(RequestContextFilter.java:100) ~[spring-web-6.2.9.jar:6.2.9]
	at org.springframework.web.filter.OncePerRequestFilter.doFilter(OncePerRequestFilter.java:116) ~[spring-web-6.2.9.jar:6.2.9]
	at org.apache.catalina.core.ApplicationFilterChain.internalDoFilter(ApplicationFilterChain.java:164) ~[tomcat-embed-core-10.1.43.jar:10.1.43]
	at org.apache.catalina.core.ApplicationFilterChain.doFilter(ApplicationFilterChain.java:140) ~[tomcat-embed-core-10.1.43.jar:10.1.43]
	at org.springframework.web.filter.FormContentFilter.doFilterInternal(FormContentFilter.java:93) ~[spring-web-6.2.9.jar:6.2.9]
	at org.springframework.web.filter.OncePerRequestFilter.doFilter(OncePerRequestFilter.java:116) ~[spring-web-6.2.9.jar:6.2.9]
	at org.apache.catalina.core.ApplicationFilterChain.internalDoFilter(ApplicationFilterChain.java:164) ~[tomcat-embed-core-10.1.43.jar:10.1.43]
	at org.apache.catalina.core.ApplicationFilterChain.doFilter(ApplicationFilterChain.java:140) ~[tomcat-embed-core-10.1.43.jar:10.1.43]
	at org.springframework.web.filter.ServerHttpObservationFilter.doFilterInternal(ServerHttpObservationFilter.java:110) ~[spring-web-6.2.9.jar:6.2.9]
	at org.springframework.web.filter.OncePerRequestFilter.doFilter(OncePerRequestFilter.java:116) ~[spring-web-6.2.9.jar:6.2.9]
	at org.apache.catalina.core.ApplicationFilterChain.internalDoFilter(ApplicationFilterChain.java:164) ~[tomcat-embed-core-10.1.43.jar:10.1.43]
	at org.apache.catalina.core.ApplicationFilterChain.doFilter(ApplicationFilterChain.java:140) ~[tomcat-embed-core-10.1.43.jar:10.1.43]
	at org.springframework.web.filter.CharacterEncodingFilter.doFilterInternal(CharacterEncodingFilter.java:201) ~[spring-web-6.2.9.jar:6.2.9]
	at org.springframework.web.filter.OncePerRequestFilter.doFilter(OncePerRequestFilter.java:116) ~[spring-web-6.2.9.jar:6.2.9]
	at org.apache.catalina.core.ApplicationFilterChain.internalDoFilter(ApplicationFilterChain.java:164) ~[tomcat-embed-core-10.1.43.jar:10.1.43]
	at org.apache.catalina.core.ApplicationFilterChain.doFilter(ApplicationFilterChain.java:140) ~[tomcat-embed-core-10.1.43.jar:10.1.43]
	at org.apache.catalina.core.StandardWrapperValve.invoke(StandardWrapperValve.java:167) ~[tomcat-embed-core-10.1.43.jar:10.1.43]
	at org.apache.catalina.core.StandardContextValve.invoke(StandardContextValve.java:90) ~[tomcat-embed-core-10.1.43.jar:10.1.43]
	at org.apache.catalina.authenticator.AuthenticatorBase.invoke(AuthenticatorBase.java:483) ~[tomcat-embed-core-10.1.43.jar:10.1.43]
	at org.apache.catalina.core.StandardHostValve.invoke(StandardHostValve.java:116) ~[tomcat-embed-core-10.1.43.jar:10.1.43]
	at org.apache.catalina.valves.ErrorReportValve.invoke(ErrorReportValve.java:93) ~[tomcat-embed-core-10.1.43.jar:10.1.43]
	at org.apache.catalina.core.StandardEngineValve.invoke(StandardEngineValve.java:74) ~[tomcat-embed-core-10.1.43.jar:10.1.43]
	at org.apache.catalina.connector.CoyoteAdapter.service(CoyoteAdapter.java:344) ~[tomcat-embed-core-10.1.43.jar:10.1.43]
	at org.apache.coyote.http11.Http11Processor.service(Http11Processor.java:398) ~[tomcat-embed-core-10.1.43.jar:10.1.43]
	at org.apache.coyote.AbstractProcessorLight.process(AbstractProcessorLight.java:63) ~[tomcat-embed-core-10.1.43.jar:10.1.43]
	at org.apache.coyote.AbstractProtocol$ConnectionHandler.process(AbstractProtocol.java:903) ~[tomcat-embed-core-10.1.43.jar:10.1.43]
	at org.apache.tomcat.util.net.NioEndpoint$SocketProcessor.doRun(NioEndpoint.java:1769) ~[tomcat-embed-core-10.1.43.jar:10.1.43]
	at org.apache.tomcat.util.net.SocketProcessorBase.run(SocketProcessorBase.java:52) ~[tomcat-embed-core-10.1.43.jar:10.1.43]
	at org.apache.tomcat.util.threads.ThreadPoolExecutor.runWorker(ThreadPoolExecutor.java:1189) ~[tomcat-embed-core-10.1.43.jar:10.1.43]
	at org.apache.tomcat.util.threads.ThreadPoolExecutor$Worker.run(ThreadPoolExecutor.java:658) ~[tomcat-embed-core-10.1.43.jar:10.1.43]
	at org.apache.tomcat.util.threads.TaskThread$WrappingRunnable.run(TaskThread.java:63) ~[tomcat-embed-core-10.1.43.jar:10.1.43]
	at java.base/java.lang.Thread.run(Thread.java:1447) ~[na:na]

2025-08-05T10:40:22.133+05:30  INFO 22300 --- [deutsche-springboot-demo] [http-nio-8080-exec-6] [6891923e290e18ed548c98418240e5ef-25452231fe908de6] c.deutsche.demo.service.EmployeeService  : Searching for employee with ID: 21
2025-08-05T10:40:22.135+05:30  INFO 22300 --- [deutsche-springboot-demo] [http-nio-8080-exec-6] [6891923e290e18ed548c98418240e5ef-25452231fe908de6] c.deutsche.demo.service.EmployeeService  : Employee found with ID: 21
2025-08-05T10:40:26.650+05:30  INFO 22300 --- [deutsche-springboot-demo] [http-nio-8080-exec-5] [68919242e4ac155aa29c6a3d1da15a6c-7f5ee7a6ec71a868] c.deutsche.demo.service.EmployeeService  : Searching for employee with ID: 22
2025-08-05T10:40:26.653+05:30  INFO 22300 --- [deutsche-springboot-demo] [http-nio-8080-exec-5] [68919242e4ac155aa29c6a3d1da15a6c-7f5ee7a6ec71a868] c.deutsche.demo.service.EmployeeService  : Employee found with ID: 22
2025-08-05T10:40:27.365+05:30  INFO 22300 --- [deutsche-springboot-demo] [http-nio-8080-exec-3] [68919243bc8a5c576160d864902ec909-3163d610dc5ebf49] c.deutsche.demo.service.EmployeeService  : Searching for employee with ID: 22
2025-08-05T10:40:27.366+05:30  INFO 22300 --- [deutsche-springboot-demo] [http-nio-8080-exec-3] [68919243bc8a5c576160d864902ec909-3163d610dc5ebf49] c.deutsche.demo.service.EmployeeService  : Employee found with ID: 22
2025-08-05T10:41:15.520+05:30  INFO 22300 --- [deutsche-springboot-demo] [http-nio-8080-exec-7] [689192734d506efc975ca2543c4b8cd0-a29d5c88e3a75637] c.deutsche.demo.service.EmployeeService  : get all employees
2025-08-05T10:41:15.522+05:30  INFO 22300 --- [deutsche-springboot-demo] [http-nio-8080-exec-8] [689192735dc2fa3d6a3e91178228917f-8a7b437b04459992] c.deutsche.demo.service.EmployeeService  : get all employees
2025-08-05T10:41:17.045+05:30  INFO 22300 --- [deutsche-springboot-demo] [http-nio-8080-exec-1] [68919275bead238d01cd7277ad1bd565-64e16079aced2548] c.deutsche.demo.service.EmployeeService  : Searching for employee with ID: 22
2025-08-05T10:41:17.045+05:30  INFO 22300 --- [deutsche-springboot-demo] [http-nio-8080-exec-10] [689192758e8adc09ecb3175e24da3548-64b218b5138638b3] c.deutsche.demo.service.EmployeeService  : Searching for employee with ID: 22
2025-08-05T10:41:17.047+05:30  INFO 22300 --- [deutsche-springboot-demo] [http-nio-8080-exec-10] [689192758e8adc09ecb3175e24da3548-64b218b5138638b3] c.deutsche.demo.service.EmployeeService  : Employee found with ID: 22
2025-08-05T10:41:17.047+05:30  INFO 22300 --- [deutsche-springboot-demo] [http-nio-8080-exec-1] [68919275bead238d01cd7277ad1bd565-64e16079aced2548] c.deutsche.demo.service.EmployeeService  : Employee found with ID: 22
2025-08-05T10:41:18.950+05:30  INFO 22300 --- [deutsche-springboot-demo] [http-nio-8080-exec-9] [68919276248cf7f0151f1a22f507519b-c8a108e4e271c935] c.deutsche.demo.service.EmployeeService  : get all employees
2025-08-05T10:41:18.952+05:30  INFO 22300 --- [deutsche-springboot-demo] [http-nio-8080-exec-2] [689192762cfe92a2d98f40cd7b5ab944-c85282cd766effe3] c.deutsche.demo.service.EmployeeService  : get all employees
2025-08-05T10:41:24.852+05:30  INFO 22300 --- [deutsche-springboot-demo] [http-nio-8080-exec-4] [6891927ce3ae7cb4d860654c5954aefc-305717ed547a933e] c.deutsche.demo.service.EmployeeService  : Searching for employee with ID: 22
2025-08-05T10:41:24.854+05:30  INFO 22300 --- [deutsche-springboot-demo] [http-nio-8080-exec-4] [6891927ce3ae7cb4d860654c5954aefc-305717ed547a933e] c.deutsche.demo.service.EmployeeService  : Employee found with ID: 22
2025-08-05T10:41:30.332+05:30  INFO 22300 --- [deutsche-springboot-demo] [http-nio-8080-exec-6] [68919282a540228c535bb268b0498d0a-ef6879de61b925f9] c.deutsche.demo.service.EmployeeService  : Searching for employee with ID: 5
2025-08-05T10:41:30.335+05:30  INFO 22300 --- [deutsche-springboot-demo] [http-nio-8080-exec-6] [68919282a540228c535bb268b0498d0a-ef6879de61b925f9] c.deutsche.demo.service.EmployeeService  : Employee found with ID: 5
2025-08-05T10:42:07.528+05:30  WARN 22300 --- [deutsche-springboot-demo] [http-nio-8080-exec-5] [689192a72a3216c56b6f5d8b9c990e1b-1e85bfed73809d14] .w.s.m.s.DefaultHandlerExceptionResolver : Resolved [org.springframework.web.method.annotation.MethodArgumentTypeMismatchException: Method parameter 'id': Failed to convert value of type 'java.lang.String' to required type 'java.lang.Integer'; For input string: ":id"]
2025-08-05T10:42:07.529+05:30  WARN 22300 --- [deutsche-springboot-demo] [http-nio-8080-exec-3] [689192a7deb72910654387783af133dc-46fac88e1bfa843d] .w.s.m.s.DefaultHandlerExceptionResolver : Resolved [org.springframework.web.method.annotation.MethodArgumentTypeMismatchException: Method parameter 'id': Failed to convert value of type 'java.lang.String' to required type 'java.lang.Integer'; For input string: ":id"]
2025-08-05T10:42:13.837+05:30  INFO 22300 --- [deutsche-springboot-demo] [http-nio-8080-exec-7] [689192ad26bc8f3c9d001b8f80aa6be2-241b991e0ffdee65] c.deutsche.demo.service.EmployeeService  : Searching for employee with ID: 22
2025-08-05T10:42:13.840+05:30  INFO 22300 --- [deutsche-springboot-demo] [http-nio-8080-exec-7] [689192ad26bc8f3c9d001b8f80aa6be2-241b991e0ffdee65] c.deutsche.demo.service.EmployeeService  : Employee found with ID: 22
2025-08-05T10:42:13.844+05:30  INFO 22300 --- [deutsche-springboot-demo] [http-nio-8080-exec-8] [689192ad80bfcebb5a52152d1229b911-965216eaeae0d690] c.deutsche.demo.service.EmployeeService  : Searching for employee with ID: 22
2025-08-05T10:42:13.846+05:30  INFO 22300 --- [deutsche-springboot-demo] [http-nio-8080-exec-8] [689192ad80bfcebb5a52152d1229b911-965216eaeae0d690] c.deutsche.demo.service.EmployeeService  : Employee found with ID: 22
2025-08-05T10:43:13.970+05:30  INFO 22300 --- [deutsche-springboot-demo] [http-nio-8080-exec-2] [689192e9005ee34c00f0d18ab6f267ec-103223cd53f5dd3f] c.deutsche.demo.service.EmployeeService  : Searching for employee with ID: 22
2025-08-05T10:43:13.970+05:30  INFO 22300 --- [deutsche-springboot-demo] [http-nio-8080-exec-2] [689192e9005ee34c00f0d18ab6f267ec-103223cd53f5dd3f] c.deutsche.demo.service.EmployeeService  : Employee found with ID: 22
2025-08-05T10:43:19.731+05:30  INFO 22300 --- [deutsche-springboot-demo] [http-nio-8080-exec-9] [689192ef61b212aba274837ed5d99a38-4534bc7f1c12bc53] c.deutsche.demo.service.EmployeeService  : Searching for employee with ID: 22
2025-08-05T10:43:19.732+05:30  INFO 22300 --- [deutsche-springboot-demo] [http-nio-8080-exec-9] [689192ef61b212aba274837ed5d99a38-4534bc7f1c12bc53] c.deutsche.demo.service.EmployeeService  : Employee found with ID: 22
2025-08-05T10:44:23.418+05:30  INFO 22300 --- [deutsche-springboot-demo] [http-nio-8080-exec-6] [6891932faccd13bf219d9f62ca67ac5e-d473f9f981f8c0dc] c.deutsche.demo.service.EmployeeService  : Searching for employee with ID: 22
2025-08-05T10:44:23.421+05:30  INFO 22300 --- [deutsche-springboot-demo] [http-nio-8080-exec-6] [6891932faccd13bf219d9f62ca67ac5e-d473f9f981f8c0dc] c.deutsche.demo.service.EmployeeService  : Employee found with ID: 22
2025-08-05T10:44:24.536+05:30  INFO 22300 --- [deutsche-springboot-demo] [http-nio-8080-exec-5] [68919330c8d92dd279ea920e36b895c4-8b60debd6258f56a] c.deutsche.demo.service.EmployeeService  : Searching for employee with ID: 22
2025-08-05T10:44:24.538+05:30  INFO 22300 --- [deutsche-springboot-demo] [http-nio-8080-exec-5] [68919330c8d92dd279ea920e36b895c4-8b60debd6258f56a] c.deutsche.demo.service.EmployeeService  : Employee found with ID: 22
2025-08-05T10:44:25.593+05:30  INFO 22300 --- [deutsche-springboot-demo] [http-nio-8080-exec-3] [689193312455d6806bb92e5f1d0ea07f-5eb06026ada6a647] c.deutsche.demo.service.EmployeeService  : Searching for employee with ID: 22
2025-08-05T10:44:25.595+05:30  INFO 22300 --- [deutsche-springboot-demo] [http-nio-8080-exec-3] [689193312455d6806bb92e5f1d0ea07f-5eb06026ada6a647] c.deutsche.demo.service.EmployeeService  : Employee found with ID: 22
2025-08-05T10:44:26.330+05:30  INFO 22300 --- [deutsche-springboot-demo] [http-nio-8080-exec-7] [68919332c8ad6c9af8669a80e094c6e4-da3e63918bcf0cb5] c.deutsche.demo.service.EmployeeService  : Searching for employee with ID: 22
2025-08-05T10:44:26.331+05:30  INFO 22300 --- [deutsche-springboot-demo] [http-nio-8080-exec-7] [68919332c8ad6c9af8669a80e094c6e4-da3e63918bcf0cb5] c.deutsche.demo.service.EmployeeService  : Employee found with ID: 22
2025-08-05T10:44:27.215+05:30  INFO 22300 --- [deutsche-springboot-demo] [http-nio-8080-exec-8] [68919333caf51780d89b130a0a3cf276-c62ef321eed38288] c.deutsche.demo.service.EmployeeService  : Searching for employee with ID: 22
2025-08-05T10:44:27.216+05:30  INFO 22300 --- [deutsche-springboot-demo] [http-nio-8080-exec-8] [68919333caf51780d89b130a0a3cf276-c62ef321eed38288] c.deutsche.demo.service.EmployeeService  : Employee found with ID: 22
2025-08-05T10:44:27.432+05:30  INFO 22300 --- [deutsche-springboot-demo] [http-nio-8080-exec-10] [6891933393b435dea3af70e35c3703f6-428d9ceed0055f3c] c.deutsche.demo.service.EmployeeService  : Searching for employee with ID: 22
2025-08-05T10:44:27.434+05:30  INFO 22300 --- [deutsche-springboot-demo] [http-nio-8080-exec-10] [6891933393b435dea3af70e35c3703f6-428d9ceed0055f3c] c.deutsche.demo.service.EmployeeService  : Employee found with ID: 22
2025-08-05T10:44:27.957+05:30  INFO 22300 --- [deutsche-springboot-demo] [http-nio-8080-exec-1] [68919333eb566ef4e27dc0c027d0a1e2-a289185643a3e345] c.deutsche.demo.service.EmployeeService  : Searching for employee with ID: 22
2025-08-05T10:44:27.958+05:30  INFO 22300 --- [deutsche-springboot-demo] [http-nio-8080-exec-1] [68919333eb566ef4e27dc0c027d0a1e2-a289185643a3e345] c.deutsche.demo.service.EmployeeService  : Employee found with ID: 22
2025-08-05T10:45:57.965+05:30  INFO 22300 --- [deutsche-springboot-demo] [http-nio-8080-exec-9] [6891938d4091a3730336c130ecef53d6-1aa03c830ea73e66] c.deutsche.demo.service.EmployeeService  : Searching for employee with ID: 22
2025-08-05T10:45:57.966+05:30  INFO 22300 --- [deutsche-springboot-demo] [http-nio-8080-exec-9] [6891938d4091a3730336c130ecef53d6-1aa03c830ea73e66] c.deutsche.demo.service.EmployeeService  : Employee found with ID: 22
2025-08-05T10:46:03.957+05:30  INFO 22300 --- [deutsche-springboot-demo] [http-nio-8080-exec-4] [68919393a13b644e4a9023384f8ecdcd-937be06a4036fa6a] c.deutsche.demo.service.EmployeeService  : Searching for employee with ID: 5
2025-08-05T10:46:03.960+05:30  INFO 22300 --- [deutsche-springboot-demo] [http-nio-8080-exec-4] [68919393a13b644e4a9023384f8ecdcd-937be06a4036fa6a] c.deutsche.demo.service.EmployeeService  : Employee found with ID: 5
2025-08-05T10:48:49.885+05:30  INFO 22300 --- [deutsche-springboot-demo] [http-nio-8080-exec-5] [68919439fedc1bc2887513176fa800a9-e542ce3fd04963df] c.deutsche.demo.service.EmployeeService  : Searching for employee with ID: 5
2025-08-05T10:48:49.888+05:30  INFO 22300 --- [deutsche-springboot-demo] [http-nio-8080-exec-5] [68919439fedc1bc2887513176fa800a9-e542ce3fd04963df] c.deutsche.demo.service.EmployeeService  : Employee found with ID: 5
2025-08-05T10:48:50.677+05:30  INFO 22300 --- [deutsche-springboot-demo] [http-nio-8080-exec-3] [6891943ac5a945e031574e3ee9bc1b54-48bdb163b7846f0f] c.deutsche.demo.service.EmployeeService  : Searching for employee with ID: 5
2025-08-05T10:48:50.678+05:30  INFO 22300 --- [deutsche-springboot-demo] [http-nio-8080-exec-3] [6891943ac5a945e031574e3ee9bc1b54-48bdb163b7846f0f] c.deutsche.demo.service.EmployeeService  : Employee found with ID: 5
2025-08-05T10:48:51.678+05:30  INFO 22300 --- [deutsche-springboot-demo] [http-nio-8080-exec-7] [6891943b05aa5266ac61b572e5b70f72-3c04b9474adcc571] c.deutsche.demo.service.EmployeeService  : Searching for employee with ID: 5
2025-08-05T10:48:51.679+05:30  INFO 22300 --- [deutsche-springboot-demo] [http-nio-8080-exec-7] [6891943b05aa5266ac61b572e5b70f72-3c04b9474adcc571] c.deutsche.demo.service.EmployeeService  : Employee found with ID: 5
2025-08-05T10:48:52.459+05:30  INFO 22300 --- [deutsche-springboot-demo] [http-nio-8080-exec-8] [6891943c9307ab74a86f140107514383-1778bf19a032079c] c.deutsche.demo.service.EmployeeService  : Searching for employee with ID: 5
2025-08-05T10:48:52.460+05:30  INFO 22300 --- [deutsche-springboot-demo] [http-nio-8080-exec-8] [6891943c9307ab74a86f140107514383-1778bf19a032079c] c.deutsche.demo.service.EmployeeService  : Employee found with ID: 5
2025-08-05T10:53:24.725+05:30  INFO 22300 --- [deutsche-springboot-demo] [http-nio-8080-exec-1] [6891954c10d29e104f00bc29a7646d9f-29083e1e759b4a8a] c.deutsche.demo.service.EmployeeService  : Searching for employee with ID: 5
2025-08-05T10:53:24.727+05:30  INFO 22300 --- [deutsche-springboot-demo] [http-nio-8080-exec-1] [6891954c10d29e104f00bc29a7646d9f-29083e1e759b4a8a] c.deutsche.demo.service.EmployeeService  : Employee found with ID: 5
2025-08-05T10:56:03.924+05:30  INFO 22300 --- [deutsche-springboot-demo] [http-nio-8080-exec-9] [689195eb37cedb3e397faf4a0085140b-a356001bb76cd3c2] c.deutsche.demo.service.EmployeeService  : Searching for employee with ID: 5
2025-08-05T10:56:03.925+05:30  INFO 22300 --- [deutsche-springboot-demo] [http-nio-8080-exec-9] [689195eb37cedb3e397faf4a0085140b-a356001bb76cd3c2] c.deutsche.demo.service.EmployeeService  : Employee found with ID: 5
2025-08-05T11:16:46.692+05:30  INFO 22300 --- [deutsche-springboot-demo] [http-nio-8080-exec-6] [68919ac6c4e90f2fb4ba6b27a9460706-8d6a3c5994f2020f] c.deutsche.demo.service.EmployeeService  : Searching for employee with ID: 5
2025-08-05T11:16:46.696+05:30  INFO 22300 --- [deutsche-springboot-demo] [http-nio-8080-exec-6] [68919ac6c4e90f2fb4ba6b27a9460706-8d6a3c5994f2020f] c.deutsche.demo.service.EmployeeService  : Employee found with ID: 5
2025-08-05T11:16:53.581+05:30  INFO 22300 --- [deutsche-springboot-demo] [http-nio-8080-exec-5] [68919acd10437ada64043b78c406deac-a35e4a0524495805] c.deutsche.demo.service.EmployeeService  : Searching for employee with ID: 5
2025-08-05T11:16:53.582+05:30  INFO 22300 --- [deutsche-springboot-demo] [http-nio-8080-exec-5] [68919acd10437ada64043b78c406deac-a35e4a0524495805] c.deutsche.demo.service.EmployeeService  : Employee found with ID: 5
